# JRE version: OpenJDK Runtime Environment (8.0) (build 1.8.0-25-microsoft-b00)
# Java VM: OpenJDK 64-Bit Server VM (25.71-b00 mixed mode windows-amd64 compressed oops)
Heap:
 PSYoungGen      total 12288K, used 5756K [0x00000000d6100000, 0x00000000d7200000, 0x0000000100000000)
  eden space 10240K, 36% used [0x00000000d6100000,0x00000000d64a3928,0x00000000d6b00000)
  from space 2048K, 99% used [0x00000000d6e00000,0x00000000d6ffb7d8,0x00000000d7000000)
  to   space 3072K, 0% used [0x00000000d6b00000,0x00000000d6b00000,0x00000000d6e00000)
 ParOldGen       total 5632K, used 3781K [0x0000000082200000, 0x0000000082780000, 0x00000000d6100000)
  object space 5632K, 67% used [0x0000000082200000,0x00000000825b1478,0x0000000082780000)
 Metaspace       used 7434K, capacity 8244K, committed 8320K, reserved 1056768K
  class space    used 863K, capacity 880K, committed 896K, reserved 1048576K
GC Heap History (10 events):
Event: 0.215 GC heap before
{Heap before GC invocations=4 (full 0):
 PSYoungGen      total 2048K, used 2035K [0x00000000d6100000, 0x00000000d6500000, 0x0000000100000000)
  eden space 1536K, 99% used [0x00000000d6100000,0x00000000d627ecb8,0x00000000d6280000)
  from space 512K, 98% used [0x00000000d6280000,0x00000000d62fe030,0x00000000d6300000)
  to   space 512K, 0% used [0x00000000d6480000,0x00000000d6480000,0x00000000d6500000)
 ParOldGen       total 5632K, used 760K [0x0000000082200000, 0x0000000082780000, 0x00000000d6100000)
  object space 5632K, 13% used [0x0000000082200000,0x00000000822be020,0x0000000082780000)
 Metaspace       used 4870K, capacity 6124K, committed 6272K, reserved 1056768K
  class space    used 560K, capacity 616K, committed 640K, reserved 1048576K
Event: 0.216 GC heap after
Heap after GC invocations=4 (full 0):
 PSYoungGen      total 3584K, used 504K [0x00000000d6100000, 0x00000000d6500000, 0x0000000100000000)
  eden space 3072K, 0% used [0x00000000d6100000,0x00000000d6100000,0x00000000d6400000)
  from space 512K, 98% used [0x00000000d6480000,0x00000000d64fe030,0x00000000d6500000)
  to   space 512K, 0% used [0x00000000d6400000,0x00000000d6400000,0x00000000d6480000)
 ParOldGen       total 5632K, used 928K [0x0000000082200000, 0x0000000082780000, 0x00000000d6100000)
  object space 5632K, 16% used [0x0000000082200000,0x00000000822e8030,0x0000000082780000)
 Metaspace       used 4870K, capacity 6124K, committed 6272K, reserved 1056768K
  class space    used 560K, capacity 616K, committed 640K, reserved 1048576K
}
Event: 0.273 GC heap before
{Heap before GC invocations=5 (full 0):
 PSYoungGen      total 3584K, used 3576K [0x00000000d6100000, 0x00000000d6500000, 0x0000000100000000)
  eden space 3072K, 100% used [0x00000000d6100000,0x00000000d6400000,0x00000000d6400000)
  from space 512K, 98% used [0x00000000d6480000,0x00000000d64fe030,0x00000000d6500000)
  to   space 512K, 0% used [0x00000000d6400000,0x00000000d6400000,0x00000000d6480000)
 ParOldGen       total 5632K, used 928K [0x0000000082200000, 0x0000000082780000, 0x00000000d6100000)
  object space 5632K, 16% used [0x0000000082200000,0x00000000822e8030,0x0000000082780000)
 Metaspace       used 5848K, capacity 7020K, committed 7168K, reserved 1056768K
  class space    used 703K, capacity 744K, committed 768K, reserved 1048576K
Event: 0.274 GC heap after
Heap after GC invocations=5 (full 0):
 PSYoungGen      total 3584K, used 496K [0x00000000d6100000, 0x00000000d6900000, 0x0000000100000000)
  eden space 3072K, 0% used [0x00000000d6100000,0x00000000d6100000,0x00000000d6400000)
  from space 512K, 96% used [0x00000000d6400000,0x00000000d647c040,0x00000000d6480000)
  to   space 1024K, 0% used [0x00000000d6800000,0x00000000d6800000,0x00000000d6900000)
 ParOldGen       total 5632K, used 1080K [0x0000000082200000, 0x0000000082780000, 0x00000000d6100000)
  object space 5632K, 19% used [0x0000000082200000,0x000000008230e050,0x0000000082780000)
 Metaspace       used 5848K, capacity 7020K, committed 7168K, reserved 1056768K
  class space    used 703K, capacity 744K, committed 768K, reserved 1048576K
}
Event: 0.367 GC heap before
{Heap before GC invocations=6 (full 0):
 PSYoungGen      total 3584K, used 3568K [0x00000000d6100000, 0x00000000d6900000, 0x0000000100000000)
  eden space 3072K, 100% used [0x00000000d6100000,0x00000000d6400000,0x00000000d6400000)
  from space 512K, 96% used [0x00000000d6400000,0x00000000d647c040,0x00000000d6480000)
  to   space 1024K, 0% used [0x00000000d6800000,0x00000000d6800000,0x00000000d6900000)
 ParOldGen       total 5632K, used 1080K [0x0000000082200000, 0x0000000082780000, 0x00000000d6100000)
  object space 5632K, 19% used [0x0000000082200000,0x000000008230e050,0x0000000082780000)
 Metaspace       used 6947K, capacity 7860K, committed 8064K, reserved 1056768K
  class space    used 828K, capacity 880K, committed 896K, reserved 1048576K
Event: 0.369 GC heap after
Heap after GC invocations=6 (full 0):
 PSYoungGen      total 6656K, used 1000K [0x00000000d6100000, 0x00000000d6a00000, 0x0000000100000000)
  eden space 5632K, 0% used [0x00000000d6100000,0x00000000d6100000,0x00000000d6680000)
  from space 1024K, 97% used [0x00000000d6800000,0x00000000d68fa020,0x00000000d6900000)
  to   space 1536K, 0% used [0x00000000d6680000,0x00000000d6680000,0x00000000d6800000)
 ParOldGen       total 5632K, used 1292K [0x0000000082200000, 0x0000000082780000, 0x00000000d6100000)
  object space 5632K, 22% used [0x0000000082200000,0x0000000082343330,0x0000000082780000)
 Metaspace       used 6947K, capacity 7860K, committed 8064K, reserved 1056768K
  class space    used 828K, capacity 880K, committed 896K, reserved 1048576K
}
Event: 0.466 GC heap before
{Heap before GC invocations=7 (full 0):
 PSYoungGen      total 6656K, used 6632K [0x00000000d6100000, 0x00000000d6a00000, 0x0000000100000000)
  eden space 5632K, 100% used [0x00000000d6100000,0x00000000d6680000,0x00000000d6680000)
  from space 1024K, 97% used [0x00000000d6800000,0x00000000d68fa020,0x00000000d6900000)
  to   space 1536K, 0% used [0x00000000d6680000,0x00000000d6680000,0x00000000d6800000)
 ParOldGen       total 5632K, used 1292K [0x0000000082200000, 0x0000000082780000, 0x00000000d6100000)
  object space 5632K, 22% used [0x0000000082200000,0x0000000082343330,0x0000000082780000)
 Metaspace       used 7428K, capacity 8244K, committed 8320K, reserved 1056768K
  class space    used 863K, capacity 880K, committed 896K, reserved 1048576K
Event: 0.468 GC heap after
Heap after GC invocations=7 (full 0):
 PSYoungGen      total 7168K, used 1533K [0x00000000d6100000, 0x00000000d7000000, 0x0000000100000000)
  eden space 5632K, 0% used [0x00000000d6100000,0x00000000d6100000,0x00000000d6680000)
  from space 1536K, 99% used [0x00000000d6680000,0x00000000d67ff668,0x00000000d6800000)
  to   space 2048K, 0% used [0x00000000d6e00000,0x00000000d6e00000,0x00000000d7000000)
 ParOldGen       total 5632K, used 2211K [0x0000000082200000, 0x0000000082780000, 0x00000000d6100000)
  object space 5632K, 39% used [0x0000000082200000,0x0000000082428c10,0x0000000082780000)
 Metaspace       used 7428K, capacity 8244K, committed 8320K, reserved 1056768K
  class space    used 863K, capacity 880K, committed 896K, reserved 1048576K
}
Event: 0.496 GC heap before
{Heap before GC invocations=8 (full 0):
 PSYoungGen      total 7168K, used 6779K [0x00000000d6100000, 0x00000000d7000000, 0x0000000100000000)
  eden space 5632K, 93% used [0x00000000d6100000,0x00000000d661f5f8,0x00000000d6680000)
  from space 1536K, 99% used [0x00000000d6680000,0x00000000d67ff668,0x00000000d6800000)
  to   space 2048K, 0% used [0x00000000d6e00000,0x00000000d6e00000,0x00000000d7000000)
 ParOldGen       total 5632K, used 2211K [0x0000000082200000, 0x0000000082780000, 0x00000000d6100000)
  object space 5632K, 39% used [0x0000000082200000,0x0000000082428c10,0x0000000082780000)
 Metaspace       used 7431K, capacity 8244K, committed 8320K, reserved 1056768K
  class space    used 863K, capacity 880K, committed 896K, reserved 1048576K
Event: 0.500 GC heap after
Heap after GC invocations=8 (full 0):
 PSYoungGen      total 12288K, used 2029K [0x00000000d6100000, 0x00000000d7200000, 0x0000000100000000)
  eden space 10240K, 0% used [0x00000000d6100000,0x00000000d6100000,0x00000000d6b00000)
  from space 2048K, 99% used [0x00000000d6e00000,0x00000000d6ffb7d8,0x00000000d7000000)
  to   space 3072K, 0% used [0x00000000d6b00000,0x00000000d6b00000,0x00000000d6e00000)
 ParOldGen       total 5632K, used 3781K [0x0000000082200000, 0x0000000082780000, 0x00000000d6100000)
  object space 5632K, 67% used [0x0000000082200000,0x00000000825b1478,0x0000000082780000)
 Metaspace       used 7431K, capacity 8244K, committed 8320K, reserved 1056768K
  class space    used 863K, capacity 880K, committed 896K, reserved 1048576K
}

