# JRE version: OpenJDK Runtime Environment (8.0) (build 1.8.0-25-microsoft-b00)
# Java VM: OpenJDK 64-Bit Server VM (25.71-b00 mixed mode windows-amd64 compressed oops)
Heap:
 PSYoungGen      total 30720K, used 10062K [0x00000000d6100000, 0x00000000d8880000, 0x0000000100000000)
  eden space 22016K, 40% used [0x00000000d6100000,0x00000000d69b7ec8,0x00000000d7680000)
  from space 8704K, 13% used [0x00000000d8000000,0x00000000d811bc50,0x00000000d8880000)
  to   space 9216K, 0% used [0x00000000d7680000,0x00000000d7680000,0x00000000d7f80000)
 ParOldGen       total 40448K, used 26705K [0x0000000082200000, 0x0000000084980000, 0x00000000d6100000)
  object space 40448K, 66% used [0x0000000082200000,0x0000000083c14490,0x0000000084980000)
 Metaspace       used 9761K, capacity 10142K, committed 10368K, reserved 1058816K
  class space    used 1010K, capacity 1042K, committed 1152K, reserved 1048576K
GC Heap History (10 events):
Event: 0.702 GC heap before
{Heap before GC invocations=13 (full 1):
 PSYoungGen      total 19456K, used 19443K [0x00000000d6100000, 0x00000000d8100000, 0x0000000100000000)
  eden space 14336K, 100% used [0x00000000d6100000,0x00000000d6f00000,0x00000000d6f00000)
  from space 5120K, 99% used [0x00000000d6f00000,0x00000000d73fcf78,0x00000000d7400000)
  to   space 7168K, 0% used [0x00000000d7a00000,0x00000000d7a00000,0x00000000d8100000)
 ParOldGen       total 14848K, used 11325K [0x0000000082200000, 0x0000000083080000, 0x00000000d6100000)
  object space 14848K, 76% used [0x0000000082200000,0x0000000082d0f728,0x0000000083080000)
 Metaspace       used 7942K, capacity 8660K, committed 8960K, reserved 1056768K
  class space    used 888K, capacity 912K, committed 1024K, reserved 1048576K
Event: 0.708 GC heap after
Heap after GC invocations=13 (full 1):
 PSYoungGen      total 25600K, used 4622K [0x00000000d6100000, 0x00000000d8200000, 0x0000000100000000)
  eden space 18432K, 0% used [0x00000000d6100000,0x00000000d6100000,0x00000000d7300000)
  from space 7168K, 64% used [0x00000000d7a00000,0x00000000d7e83ba8,0x00000000d8100000)
  to   space 7168K, 0% used [0x00000000d7300000,0x00000000d7300000,0x00000000d7a00000)
 ParOldGen       total 17408K, used 16398K [0x0000000082200000, 0x0000000083300000, 0x00000000d6100000)
  object space 17408K, 94% used [0x0000000082200000,0x0000000083203aa0,0x0000000083300000)
 Metaspace       used 7942K, capacity 8660K, committed 8960K, reserved 1056768K
  class space    used 888K, capacity 912K, committed 1024K, reserved 1048576K
}
Event: 0.708 GC heap before
{Heap before GC invocations=14 (full 2):
 PSYoungGen      total 25600K, used 4622K [0x00000000d6100000, 0x00000000d8200000, 0x0000000100000000)
  eden space 18432K, 0% used [0x00000000d6100000,0x00000000d6100000,0x00000000d7300000)
  from space 7168K, 64% used [0x00000000d7a00000,0x00000000d7e83ba8,0x00000000d8100000)
  to   space 7168K, 0% used [0x00000000d7300000,0x00000000d7300000,0x00000000d7a00000)
 ParOldGen       total 17408K, used 16398K [0x0000000082200000, 0x0000000083300000, 0x00000000d6100000)
  object space 17408K, 94% used [0x0000000082200000,0x0000000083203aa0,0x0000000083300000)
 Metaspace       used 7942K, capacity 8660K, committed 8960K, reserved 1056768K
  class space    used 888K, capacity 912K, committed 1024K, reserved 1048576K
Event: 0.750 GC heap after
Heap after GC invocations=14 (full 2):
 PSYoungGen      total 25600K, used 1420K [0x00000000d6100000, 0x00000000d8200000, 0x0000000100000000)
  eden space 18432K, 0% used [0x00000000d6100000,0x00000000d6100000,0x00000000d7300000)
  from space 7168K, 19% used [0x00000000d7a00000,0x00000000d7b63080,0x00000000d8100000)
  to   space 7168K, 0% used [0x00000000d7300000,0x00000000d7300000,0x00000000d7a00000)
 ParOldGen       total 26624K, used 17308K [0x0000000082200000, 0x0000000083c00000, 0x00000000d6100000)
  object space 26624K, 65% used [0x0000000082200000,0x00000000832e71e0,0x0000000083c00000)
 Metaspace       used 7942K, capacity 8660K, committed 8960K, reserved 1056768K
  class space    used 888K, capacity 912K, committed 1024K, reserved 1048576K
}
Event: 0.976 GC heap before
{Heap before GC invocations=15 (full 2):
 PSYoungGen      total 25600K, used 19852K [0x00000000d6100000, 0x00000000d8200000, 0x0000000100000000)
  eden space 18432K, 100% used [0x00000000d6100000,0x00000000d7300000,0x00000000d7300000)
  from space 7168K, 19% used [0x00000000d7a00000,0x00000000d7b63080,0x00000000d8100000)
  to   space 7168K, 0% used [0x00000000d7300000,0x00000000d7300000,0x00000000d7a00000)
 ParOldGen       total 26624K, used 17308K [0x0000000082200000, 0x0000000083c00000, 0x00000000d6100000)
  object space 26624K, 65% used [0x0000000082200000,0x00000000832e71e0,0x0000000083c00000)
 Metaspace       used 8178K, capacity 8852K, committed 9216K, reserved 1056768K
  class space    used 891K, capacity 912K, committed 1024K, reserved 1048576K
Event: 0.983 GC heap after
Heap after GC invocations=15 (full 2):
 PSYoungGen      total 25600K, used 7159K [0x00000000d6100000, 0x00000000d8900000, 0x0000000100000000)
  eden space 18432K, 0% used [0x00000000d6100000,0x00000000d6100000,0x00000000d7300000)
  from space 7168K, 99% used [0x00000000d7300000,0x00000000d79fde58,0x00000000d7a00000)
  to   space 9216K, 0% used [0x00000000d8000000,0x00000000d8000000,0x00000000d8900000)
 ParOldGen       total 26624K, used 19782K [0x0000000082200000, 0x0000000083c00000, 0x00000000d6100000)
  object space 26624K, 74% used [0x0000000082200000,0x00000000835519f8,0x0000000083c00000)
 Metaspace       used 8178K, capacity 8852K, committed 9216K, reserved 1056768K
  class space    used 891K, capacity 912K, committed 1024K, reserved 1048576K
}
Event: 1.370 GC heap before
{Heap before GC invocations=16 (full 2):
 PSYoungGen      total 25600K, used 25591K [0x00000000d6100000, 0x00000000d8900000, 0x0000000100000000)
  eden space 18432K, 100% used [0x00000000d6100000,0x00000000d7300000,0x00000000d7300000)
  from space 7168K, 99% used [0x00000000d7300000,0x00000000d79fde58,0x00000000d7a00000)
  to   space 9216K, 0% used [0x00000000d8000000,0x00000000d8000000,0x00000000d8900000)
 ParOldGen       total 26624K, used 19782K [0x0000000082200000, 0x0000000083c00000, 0x00000000d6100000)
  object space 26624K, 74% used [0x0000000082200000,0x00000000835519f8,0x0000000083c00000)
 Metaspace       used 9456K, capacity 9886K, committed 10112K, reserved 1058816K
  class space    used 1010K, capacity 1042K, committed 1152K, reserved 1048576K
Event: 1.382 GC heap after
Heap after GC invocations=16 (full 2):
 PSYoungGen      total 30720K, used 3977K [0x00000000d6100000, 0x00000000d8880000, 0x0000000100000000)
  eden space 22016K, 0% used [0x00000000d6100000,0x00000000d6100000,0x00000000d7680000)
  from space 8704K, 45% used [0x00000000d8000000,0x00000000d83e26b8,0x00000000d8880000)
  to   space 9216K, 0% used [0x00000000d7680000,0x00000000d7680000,0x00000000d7f80000)
 ParOldGen       total 27136K, used 26873K [0x0000000082200000, 0x0000000083c80000, 0x00000000d6100000)
  object space 27136K, 99% used [0x0000000082200000,0x0000000083c3e6a8,0x0000000083c80000)
 Metaspace       used 9456K, capacity 9886K, committed 10112K, reserved 1058816K
  class space    used 1010K, capacity 1042K, committed 1152K, reserved 1048576K
}
Event: 1.382 GC heap before
{Heap before GC invocations=17 (full 3):
 PSYoungGen      total 30720K, used 3977K [0x00000000d6100000, 0x00000000d8880000, 0x0000000100000000)
  eden space 22016K, 0% used [0x00000000d6100000,0x00000000d6100000,0x00000000d7680000)
  from space 8704K, 45% used [0x00000000d8000000,0x00000000d83e26b8,0x00000000d8880000)
  to   space 9216K, 0% used [0x00000000d7680000,0x00000000d7680000,0x00000000d7f80000)
 ParOldGen       total 27136K, used 26873K [0x0000000082200000, 0x0000000083c80000, 0x00000000d6100000)
  object space 27136K, 99% used [0x0000000082200000,0x0000000083c3e6a8,0x0000000083c80000)
 Metaspace       used 9456K, capacity 9886K, committed 10112K, reserved 1058816K
  class space    used 1010K, capacity 1042K, committed 1152K, reserved 1048576K
Event: 1.488 GC heap after
Heap after GC invocations=17 (full 3):
 PSYoungGen      total 30720K, used 1135K [0x00000000d6100000, 0x00000000d8880000, 0x0000000100000000)
  eden space 22016K, 0% used [0x00000000d6100000,0x00000000d6100000,0x00000000d7680000)
  from space 8704K, 13% used [0x00000000d8000000,0x00000000d811bc50,0x00000000d8880000)
  to   space 9216K, 0% used [0x00000000d7680000,0x00000000d7680000,0x00000000d7f80000)
 ParOldGen       total 40448K, used 26705K [0x0000000082200000, 0x0000000084980000, 0x00000000d6100000)
  object space 40448K, 66% used [0x0000000082200000,0x0000000083c14490,0x0000000084980000)
 Metaspace       used 9456K, capacity 9886K, committed 10112K, reserved 1058816K
  class space    used 1010K, capacity 1042K, committed 1152K, reserved 1048576K
}

