# JRE version: OpenJDK Runtime Environment (8.0) (build 1.8.0-25-microsoft-b00)
# Java VM: OpenJDK 64-Bit Server VM (25.71-b00 mixed mode windows-amd64 compressed oops)
Heap:
 PSYoungGen      total 155136K, used 53165K [0x00000000eab00000, 0x00000000fa300000, 0x0000000100000000)
  eden space 133120K, 35% used [0x00000000eab00000,0x00000000ed943588,0x00000000f2d00000)
  from space 22016K, 26% used [0x00000000f4280000,0x00000000f4828000,0x00000000f5800000)
  to   space 22016K, 0% used [0x00000000f2d00000,0x00000000f2d00000,0x00000000f4280000)
 ParOldGen       total 86016K, used 63224K [0x00000000c0000000, 0x00000000c5400000, 0x00000000eab00000)
  object space 86016K, 73% used [0x00000000c0000000,0x00000000c3dbe370,0x00000000c5400000)
 Metaspace       used 14882K, capacity 15632K, committed 15872K, reserved 1062912K
  class space    used 1797K, capacity 1988K, committed 2048K, reserved 1048576K
GC Heap History (10 events):
Event: 1.267 GC heap before
{Heap before GC invocations=6 (full 0):
 PSYoungGen      total 70656K, used 70636K [0x00000000eab00000, 0x00000000f5a00000, 0x0000000100000000)
  eden space 65536K, 100% used [0x00000000eab00000,0x00000000eeb00000,0x00000000eeb00000)
  from space 5120K, 99% used [0x00000000eeb00000,0x00000000eeffb358,0x00000000ef000000)
  to   space 24064K, 0% used [0x00000000f4280000,0x00000000f4280000,0x00000000f5a00000)
 ParOldGen       total 86016K, used 47868K [0x00000000c0000000, 0x00000000c5400000, 0x00000000eab00000)
  object space 86016K, 55% used [0x00000000c0000000,0x00000000c2ebf310,0x00000000c5400000)
 Metaspace       used 13636K, capacity 14280K, committed 14464K, reserved 1062912K
  class space    used 1734K, capacity 1904K, committed 1920K, reserved 1048576K
Event: 1.285 GC heap after
Heap after GC invocations=6 (full 0):
 PSYoungGen      total 153088K, used 12458K [0x00000000eab00000, 0x00000000f5800000, 0x0000000100000000)
  eden space 131072K, 0% used [0x00000000eab00000,0x00000000eab00000,0x00000000f2b00000)
  from space 22016K, 56% used [0x00000000f4280000,0x00000000f4eaa818,0x00000000f5800000)
  to   space 23040K, 0% used [0x00000000f2b00000,0x00000000f2b00000,0x00000000f4180000)
 ParOldGen       total 86016K, used 47876K [0x00000000c0000000, 0x00000000c5400000, 0x00000000eab00000)
  object space 86016K, 55% used [0x00000000c0000000,0x00000000c2ec1310,0x00000000c5400000)
 Metaspace       used 13636K, capacity 14280K, committed 14464K, reserved 1062912K
  class space    used 1734K, capacity 1904K, committed 1920K, reserved 1048576K
}
Event: 1.597 GC heap before
{Heap before GC invocations=7 (full 0):
 PSYoungGen      total 153088K, used 143530K [0x00000000eab00000, 0x00000000f5800000, 0x0000000100000000)
  eden space 131072K, 100% used [0x00000000eab00000,0x00000000f2b00000,0x00000000f2b00000)
  from space 22016K, 56% used [0x00000000f4280000,0x00000000f4eaa818,0x00000000f5800000)
  to   space 23040K, 0% used [0x00000000f2b00000,0x00000000f2b00000,0x00000000f4180000)
 ParOldGen       total 86016K, used 47876K [0x00000000c0000000, 0x00000000c5400000, 0x00000000eab00000)
  object space 86016K, 55% used [0x00000000c0000000,0x00000000c2ec1310,0x00000000c5400000)
 Metaspace       used 14116K, capacity 14800K, committed 15104K, reserved 1062912K
  class space    used 1776K, capacity 1946K, committed 2048K, reserved 1048576K
Event: 1.614 GC heap after
Heap after GC invocations=7 (full 0):
 PSYoungGen      total 154112K, used 11969K [0x00000000eab00000, 0x00000000f5800000, 0x0000000100000000)
  eden space 131072K, 0% used [0x00000000eab00000,0x00000000eab00000,0x00000000f2b00000)
  from space 23040K, 51% used [0x00000000f2b00000,0x00000000f36b07d8,0x00000000f4180000)
  to   space 22016K, 0% used [0x00000000f4280000,0x00000000f4280000,0x00000000f5800000)
 ParOldGen       total 86016K, used 49444K [0x00000000c0000000, 0x00000000c5400000, 0x00000000eab00000)
  object space 86016K, 57% used [0x00000000c0000000,0x00000000c3049330,0x00000000c5400000)
 Metaspace       used 14116K, capacity 14800K, committed 15104K, reserved 1062912K
  class space    used 1776K, capacity 1946K, committed 2048K, reserved 1048576K
}
Event: 1.872 GC heap before
{Heap before GC invocations=8 (full 0):
 PSYoungGen      total 154112K, used 143041K [0x00000000eab00000, 0x00000000f5800000, 0x0000000100000000)
  eden space 131072K, 100% used [0x00000000eab00000,0x00000000f2b00000,0x00000000f2b00000)
  from space 23040K, 51% used [0x00000000f2b00000,0x00000000f36b07d8,0x00000000f4180000)
  to   space 22016K, 0% used [0x00000000f4280000,0x00000000f4280000,0x00000000f5800000)
 ParOldGen       total 86016K, used 49444K [0x00000000c0000000, 0x00000000c5400000, 0x00000000eab00000)
  object space 86016K, 57% used [0x00000000c0000000,0x00000000c3049330,0x00000000c5400000)
 Metaspace       used 14234K, capacity 14912K, committed 15104K, reserved 1062912K
  class space    used 1782K, capacity 1956K, committed 2048K, reserved 1048576K
Event: 1.889 GC heap after
Heap after GC invocations=8 (full 0):
 PSYoungGen      total 153088K, used 12478K [0x00000000eab00000, 0x00000000f5800000, 0x0000000100000000)
  eden space 131072K, 0% used [0x00000000eab00000,0x00000000eab00000,0x00000000f2b00000)
  from space 22016K, 56% used [0x00000000f4280000,0x00000000f4eafb50,0x00000000f5800000)
  to   space 23040K, 0% used [0x00000000f2b00000,0x00000000f2b00000,0x00000000f4180000)
 ParOldGen       total 86016K, used 50997K [0x00000000c0000000, 0x00000000c5400000, 0x00000000eab00000)
  object space 86016K, 59% used [0x00000000c0000000,0x00000000c31cd458,0x00000000c5400000)
 Metaspace       used 14234K, capacity 14912K, committed 15104K, reserved 1062912K
  class space    used 1782K, capacity 1956K, committed 2048K, reserved 1048576K
}
Event: 2.114 GC heap before
{Heap before GC invocations=9 (full 0):
 PSYoungGen      total 153088K, used 143550K [0x00000000eab00000, 0x00000000f5800000, 0x0000000100000000)
  eden space 131072K, 100% used [0x00000000eab00000,0x00000000f2b00000,0x00000000f2b00000)
  from space 22016K, 56% used [0x00000000f4280000,0x00000000f4eafb50,0x00000000f5800000)
  to   space 23040K, 0% used [0x00000000f2b00000,0x00000000f2b00000,0x00000000f4180000)
 ParOldGen       total 86016K, used 50997K [0x00000000c0000000, 0x00000000c5400000, 0x00000000eab00000)
  object space 86016K, 59% used [0x00000000c0000000,0x00000000c31cd458,0x00000000c5400000)
 Metaspace       used 14434K, capacity 15116K, committed 15360K, reserved 1062912K
  class space    used 1784K, capacity 1956K, committed 2048K, reserved 1048576K
Event: 2.129 GC heap after
Heap after GC invocations=9 (full 0):
 PSYoungGen      total 154112K, used 8640K [0x00000000eab00000, 0x00000000f5800000, 0x0000000100000000)
  eden space 131072K, 0% used [0x00000000eab00000,0x00000000eab00000,0x00000000f2b00000)
  from space 23040K, 37% used [0x00000000f2b00000,0x00000000f3370000,0x00000000f4180000)
  to   space 22016K, 0% used [0x00000000f4280000,0x00000000f4280000,0x00000000f5800000)
 ParOldGen       total 86016K, used 57312K [0x00000000c0000000, 0x00000000c5400000, 0x00000000eab00000)
  object space 86016K, 66% used [0x00000000c0000000,0x00000000c37f8360,0x00000000c5400000)
 Metaspace       used 14434K, capacity 15116K, committed 15360K, reserved 1062912K
  class space    used 1784K, capacity 1956K, committed 2048K, reserved 1048576K
}
Event: 2.326 GC heap before
{Heap before GC invocations=10 (full 0):
 PSYoungGen      total 154112K, used 139712K [0x00000000eab00000, 0x00000000f5800000, 0x0000000100000000)
  eden space 131072K, 100% used [0x00000000eab00000,0x00000000f2b00000,0x00000000f2b00000)
  from space 23040K, 37% used [0x00000000f2b00000,0x00000000f3370000,0x00000000f4180000)
  to   space 22016K, 0% used [0x00000000f4280000,0x00000000f4280000,0x00000000f5800000)
 ParOldGen       total 86016K, used 57312K [0x00000000c0000000, 0x00000000c5400000, 0x00000000eab00000)
  object space 86016K, 66% used [0x00000000c0000000,0x00000000c37f8360,0x00000000c5400000)
 Metaspace       used 14811K, capacity 15536K, committed 15872K, reserved 1062912K
  class space    used 1789K, capacity 1956K, committed 2048K, reserved 1048576K
Event: 2.335 GC heap after
Heap after GC invocations=10 (full 0):
 PSYoungGen      total 155136K, used 5792K [0x00000000eab00000, 0x00000000fa300000, 0x0000000100000000)
  eden space 133120K, 0% used [0x00000000eab00000,0x00000000eab00000,0x00000000f2d00000)
  from space 22016K, 26% used [0x00000000f4280000,0x00000000f4828000,0x00000000f5800000)
  to   space 22016K, 0% used [0x00000000f2d00000,0x00000000f2d00000,0x00000000f4280000)
 ParOldGen       total 86016K, used 63224K [0x00000000c0000000, 0x00000000c5400000, 0x00000000eab00000)
  object space 86016K, 73% used [0x00000000c0000000,0x00000000c3dbe370,0x00000000c5400000)
 Metaspace       used 14811K, capacity 15536K, committed 15872K, reserved 1062912K
  class space    used 1789K, capacity 1956K, committed 2048K, reserved 1048576K
}

