# JRE version: OpenJDK Runtime Environment (8.0) (build 1.8.0-25-microsoft-b00)
# Java VM: OpenJDK 64-Bit Server VM (25.71-b00 mixed mode windows-amd64 compressed oops)
Heap:
 PSYoungGen      total 154624K, used 133187K [0x00000000eab00000, 0x00000000fd700000, 0x0000000100000000)
  eden space 131072K, 92% used [0x00000000eab00000,0x00000000f2164b48,0x00000000f2b00000)
  from space 23552K, 50% used [0x00000000f2b00000,0x00000000f36ac3d8,0x00000000f4200000)
  to   space 22528K, 0% used [0x00000000fc100000,0x00000000fc100000,0x00000000fd700000)
 ParOldGen       total 86016K, used 50025K [0x00000000c0000000, 0x00000000c5400000, 0x00000000eab00000)
  object space 86016K, 58% used [0x00000000c0000000,0x00000000c30da5c8,0x00000000c5400000)
 Metaspace       used 14671K, capacity 15430K, committed 15616K, reserved 1062912K
  class space    used 1778K, capacity 1945K, committed 2048K, reserved 1048576K
GC Heap History (10 events):
Event: 0.822 GC heap before
{Heap before GC invocations=3 (full 0):
 PSYoungGen      total 37888K, used 37870K [0x00000000eab00000, 0x00000000ef500000, 0x0000000100000000)
  eden space 32768K, 100% used [0x00000000eab00000,0x00000000ecb00000,0x00000000ecb00000)
  from space 5120K, 99% used [0x00000000ed000000,0x00000000ed4fbad8,0x00000000ed500000)
  to   space 5120K, 0% used [0x00000000ecb00000,0x00000000ecb00000,0x00000000ed000000)
 ParOldGen       total 86016K, used 12706K [0x00000000c0000000, 0x00000000c5400000, 0x00000000eab00000)
  object space 86016K, 14% used [0x00000000c0000000,0x00000000c0c68aa0,0x00000000c5400000)
 Metaspace       used 8503K, capacity 8778K, committed 9088K, reserved 1056768K
  class space    used 946K, capacity 1035K, committed 1152K, reserved 1048576K
Event: 0.828 GC heap after
Heap after GC invocations=3 (full 0):
 PSYoungGen      total 37888K, used 5101K [0x00000000eab00000, 0x00000000ef500000, 0x0000000100000000)
  eden space 32768K, 0% used [0x00000000eab00000,0x00000000eab00000,0x00000000ecb00000)
  from space 5120K, 99% used [0x00000000ecb00000,0x00000000ecffb5c8,0x00000000ed000000)
  to   space 5120K, 0% used [0x00000000ef000000,0x00000000ef000000,0x00000000ef500000)
 ParOldGen       total 86016K, used 24067K [0x00000000c0000000, 0x00000000c5400000, 0x00000000eab00000)
  object space 86016K, 27% used [0x00000000c0000000,0x00000000c1780e50,0x00000000c5400000)
 Metaspace       used 8503K, capacity 8778K, committed 9088K, reserved 1056768K
  class space    used 946K, capacity 1035K, committed 1152K, reserved 1048576K
}
Event: 0.895 GC heap before
{Heap before GC invocations=4 (full 0):
 PSYoungGen      total 37888K, used 37869K [0x00000000eab00000, 0x00000000ef500000, 0x0000000100000000)
  eden space 32768K, 100% used [0x00000000eab00000,0x00000000ecb00000,0x00000000ecb00000)
  from space 5120K, 99% used [0x00000000ecb00000,0x00000000ecffb5c8,0x00000000ed000000)
  to   space 5120K, 0% used [0x00000000ef000000,0x00000000ef000000,0x00000000ef500000)
 ParOldGen       total 86016K, used 24067K [0x00000000c0000000, 0x00000000c5400000, 0x00000000eab00000)
  object space 86016K, 27% used [0x00000000c0000000,0x00000000c1780e50,0x00000000c5400000)
 Metaspace       used 8686K, capacity 9072K, committed 9344K, reserved 1056768K
  class space    used 958K, capacity 1080K, committed 1152K, reserved 1048576K
Event: 0.904 GC heap after
Heap after GC invocations=4 (full 0):
 PSYoungGen      total 70656K, used 5107K [0x00000000eab00000, 0x00000000ef500000, 0x0000000100000000)
  eden space 65536K, 0% used [0x00000000eab00000,0x00000000eab00000,0x00000000eeb00000)
  from space 5120K, 99% used [0x00000000ef000000,0x00000000ef4fcfd8,0x00000000ef500000)
  to   space 5120K, 0% used [0x00000000eeb00000,0x00000000eeb00000,0x00000000ef000000)
 ParOldGen       total 86016K, used 32623K [0x00000000c0000000, 0x00000000c5400000, 0x00000000eab00000)
  object space 86016K, 37% used [0x00000000c0000000,0x00000000c1fdbc50,0x00000000c5400000)
 Metaspace       used 8686K, capacity 9072K, committed 9344K, reserved 1056768K
  class space    used 958K, capacity 1080K, committed 1152K, reserved 1048576K
}
Event: 0.970 GC heap before
{Heap before GC invocations=5 (full 0):
 PSYoungGen      total 70656K, used 70643K [0x00000000eab00000, 0x00000000ef500000, 0x0000000100000000)
  eden space 65536K, 100% used [0x00000000eab00000,0x00000000eeb00000,0x00000000eeb00000)
  from space 5120K, 99% used [0x00000000ef000000,0x00000000ef4fcfd8,0x00000000ef500000)
  to   space 5120K, 0% used [0x00000000eeb00000,0x00000000eeb00000,0x00000000ef000000)
 ParOldGen       total 86016K, used 32623K [0x00000000c0000000, 0x00000000c5400000, 0x00000000eab00000)
  object space 86016K, 37% used [0x00000000c0000000,0x00000000c1fdbc50,0x00000000c5400000)
 Metaspace       used 8692K, capacity 9072K, committed 9344K, reserved 1056768K
  class space    used 958K, capacity 1080K, committed 1152K, reserved 1048576K
Event: 0.986 GC heap after
Heap after GC invocations=5 (full 0):
 PSYoungGen      total 70656K, used 5101K [0x00000000eab00000, 0x00000000f5a00000, 0x0000000100000000)
  eden space 65536K, 0% used [0x00000000eab00000,0x00000000eab00000,0x00000000eeb00000)
  from space 5120K, 99% used [0x00000000eeb00000,0x00000000eeffb738,0x00000000ef000000)
  to   space 24064K, 0% used [0x00000000f4280000,0x00000000f4280000,0x00000000f5a00000)
 ParOldGen       total 86016K, used 48297K [0x00000000c0000000, 0x00000000c5400000, 0x00000000eab00000)
  object space 86016K, 56% used [0x00000000c0000000,0x00000000c2f2a598,0x00000000c5400000)
 Metaspace       used 8692K, capacity 9072K, committed 9344K, reserved 1056768K
  class space    used 958K, capacity 1080K, committed 1152K, reserved 1048576K
}
Event: 1.391 GC heap before
{Heap before GC invocations=6 (full 0):
 PSYoungGen      total 70656K, used 70637K [0x00000000eab00000, 0x00000000f5a00000, 0x0000000100000000)
  eden space 65536K, 100% used [0x00000000eab00000,0x00000000eeb00000,0x00000000eeb00000)
  from space 5120K, 99% used [0x00000000eeb00000,0x00000000eeffb738,0x00000000ef000000)
  to   space 24064K, 0% used [0x00000000f4280000,0x00000000f4280000,0x00000000f5a00000)
 ParOldGen       total 86016K, used 48297K [0x00000000c0000000, 0x00000000c5400000, 0x00000000eab00000)
  object space 86016K, 56% used [0x00000000c0000000,0x00000000c2f2a598,0x00000000c5400000)
 Metaspace       used 13717K, capacity 14330K, committed 14464K, reserved 1062912K
  class space    used 1729K, capacity 1893K, committed 1920K, reserved 1048576K
Event: 1.407 GC heap after
Heap after GC invocations=6 (full 0):
 PSYoungGen      total 154112K, used 12323K [0x00000000eab00000, 0x00000000f5900000, 0x0000000100000000)
  eden space 131072K, 0% used [0x00000000eab00000,0x00000000eab00000,0x00000000f2b00000)
  from space 23040K, 53% used [0x00000000f4280000,0x00000000f4e88f30,0x00000000f5900000)
  to   space 23552K, 0% used [0x00000000f2b00000,0x00000000f2b00000,0x00000000f4200000)
 ParOldGen       total 86016K, used 48305K [0x00000000c0000000, 0x00000000c5400000, 0x00000000eab00000)
  object space 86016K, 56% used [0x00000000c0000000,0x00000000c2f2c598,0x00000000c5400000)
 Metaspace       used 13717K, capacity 14330K, committed 14464K, reserved 1062912K
  class space    used 1729K, capacity 1893K, committed 1920K, reserved 1048576K
}
Event: 1.737 GC heap before
{Heap before GC invocations=7 (full 0):
 PSYoungGen      total 154112K, used 143395K [0x00000000eab00000, 0x00000000f5900000, 0x0000000100000000)
  eden space 131072K, 100% used [0x00000000eab00000,0x00000000f2b00000,0x00000000f2b00000)
  from space 23040K, 53% used [0x00000000f4280000,0x00000000f4e88f30,0x00000000f5900000)
  to   space 23552K, 0% used [0x00000000f2b00000,0x00000000f2b00000,0x00000000f4200000)
 ParOldGen       total 86016K, used 48305K [0x00000000c0000000, 0x00000000c5400000, 0x00000000eab00000)
  object space 86016K, 56% used [0x00000000c0000000,0x00000000c2f2c598,0x00000000c5400000)
 Metaspace       used 14262K, capacity 14938K, committed 15104K, reserved 1062912K
  class space    used 1773K, capacity 1937K, committed 2048K, reserved 1048576K
Event: 1.752 GC heap after
Heap after GC invocations=7 (full 0):
 PSYoungGen      total 154624K, used 11952K [0x00000000eab00000, 0x00000000fd700000, 0x0000000100000000)
  eden space 131072K, 0% used [0x00000000eab00000,0x00000000eab00000,0x00000000f2b00000)
  from space 23552K, 50% used [0x00000000f2b00000,0x00000000f36ac3d8,0x00000000f4200000)
  to   space 22528K, 0% used [0x00000000fc100000,0x00000000fc100000,0x00000000fd700000)
 ParOldGen       total 86016K, used 50025K [0x00000000c0000000, 0x00000000c5400000, 0x00000000eab00000)
  object space 86016K, 58% used [0x00000000c0000000,0x00000000c30da5c8,0x00000000c5400000)
 Metaspace       used 14262K, capacity 14938K, committed 15104K, reserved 1062912K
  class space    used 1773K, capacity 1937K, committed 2048K, reserved 1048576K
}

