# JRE version: OpenJDK Runtime Environment (8.0) (build 1.8.0-25-microsoft-b00)
# Java VM: OpenJDK 64-Bit Server VM (25.71-b00 mixed mode windows-amd64 compressed oops)
Heap:
 PSYoungGen      total 227840K, used 93320K [0x00000000eab00000, 0x00000000fbb80000, 0x0000000100000000)
  eden space 207872K, 43% used [0x00000000eab00000,0x00000000f02b2130,0x00000000f7600000)
  from space 19968K, 17% used [0x00000000f7600000,0x00000000f7970000,0x00000000f8980000)
  to   space 15360K, 0% used [0x00000000fac80000,0x00000000fac80000,0x00000000fbb80000)
 ParOldGen       total 102912K, used 71960K [0x00000000c0000000, 0x00000000c6480000, 0x00000000eab00000)
  object space 102912K, 69% used [0x00000000c0000000,0x00000000c46463d8,0x00000000c6480000)
 Metaspace       used 15074K, capacity 15740K, committed 16128K, reserved 1062912K
  class space    used 1769K, capacity 1932K, committed 2048K, reserved 1048576K
GC Heap History (10 events):
Event: 4.180 GC heap before
{Heap before GC invocations=20 (full 1):
 PSYoungGen      total 227840K, used 210720K [0x00000000eab00000, 0x00000000f9d00000, 0x0000000100000000)
  eden space 207872K, 100% used [0x00000000eab00000,0x00000000f7600000,0x00000000f7600000)
  from space 19968K, 14% used [0x00000000f8980000,0x00000000f8c48000,0x00000000f9d00000)
  to   space 19968K, 0% used [0x00000000f7600000,0x00000000f7600000,0x00000000f8980000)
 ParOldGen       total 102912K, used 52583K [0x00000000c0000000, 0x00000000c6480000, 0x00000000eab00000)
  object space 102912K, 51% used [0x00000000c0000000,0x00000000c3359f40,0x00000000c6480000)
 Metaspace       used 15004K, capacity 15714K, committed 16128K, reserved 1062912K
  class space    used 1765K, capacity 1929K, committed 2048K, reserved 1048576K
Event: 4.185 GC heap after
Heap after GC invocations=20 (full 1):
 PSYoungGen      total 227840K, used 4064K [0x00000000eab00000, 0x00000000f9d00000, 0x0000000100000000)
  eden space 207872K, 0% used [0x00000000eab00000,0x00000000eab00000,0x00000000f7600000)
  from space 19968K, 20% used [0x00000000f7600000,0x00000000f79f8000,0x00000000f8980000)
  to   space 19968K, 0% used [0x00000000f8980000,0x00000000f8980000,0x00000000f9d00000)
 ParOldGen       total 102912K, used 55335K [0x00000000c0000000, 0x00000000c6480000, 0x00000000eab00000)
  object space 102912K, 53% used [0x00000000c0000000,0x00000000c3609f40,0x00000000c6480000)
 Metaspace       used 15004K, capacity 15714K, committed 16128K, reserved 1062912K
  class space    used 1765K, capacity 1929K, committed 2048K, reserved 1048576K
}
Event: 4.491 GC heap before
{Heap before GC invocations=21 (full 1):
 PSYoungGen      total 227840K, used 211936K [0x00000000eab00000, 0x00000000f9d00000, 0x0000000100000000)
  eden space 207872K, 100% used [0x00000000eab00000,0x00000000f7600000,0x00000000f7600000)
  from space 19968K, 20% used [0x00000000f7600000,0x00000000f79f8000,0x00000000f8980000)
  to   space 19968K, 0% used [0x00000000f8980000,0x00000000f8980000,0x00000000f9d00000)
 ParOldGen       total 102912K, used 55335K [0x00000000c0000000, 0x00000000c6480000, 0x00000000eab00000)
  object space 102912K, 53% used [0x00000000c0000000,0x00000000c3609f40,0x00000000c6480000)
 Metaspace       used 15009K, capacity 15714K, committed 16128K, reserved 1062912K
  class space    used 1765K, capacity 1929K, committed 2048K, reserved 1048576K
Event: 4.503 GC heap after
Heap after GC invocations=21 (full 1):
 PSYoungGen      total 227840K, used 4096K [0x00000000eab00000, 0x00000000f9d00000, 0x0000000100000000)
  eden space 207872K, 0% used [0x00000000eab00000,0x00000000eab00000,0x00000000f7600000)
  from space 19968K, 20% used [0x00000000f8980000,0x00000000f8d80000,0x00000000f9d00000)
  to   space 19968K, 0% used [0x00000000f7600000,0x00000000f7600000,0x00000000f8980000)
 ParOldGen       total 102912K, used 59239K [0x00000000c0000000, 0x00000000c6480000, 0x00000000eab00000)
  object space 102912K, 57% used [0x00000000c0000000,0x00000000c39d9f50,0x00000000c6480000)
 Metaspace       used 15009K, capacity 15714K, committed 16128K, reserved 1062912K
  class space    used 1765K, capacity 1929K, committed 2048K, reserved 1048576K
}
Event: 4.784 GC heap before
{Heap before GC invocations=22 (full 1):
 PSYoungGen      total 227840K, used 211968K [0x00000000eab00000, 0x00000000f9d00000, 0x0000000100000000)
  eden space 207872K, 100% used [0x00000000eab00000,0x00000000f7600000,0x00000000f7600000)
  from space 19968K, 20% used [0x00000000f8980000,0x00000000f8d80000,0x00000000f9d00000)
  to   space 19968K, 0% used [0x00000000f7600000,0x00000000f7600000,0x00000000f8980000)
 ParOldGen       total 102912K, used 59239K [0x00000000c0000000, 0x00000000c6480000, 0x00000000eab00000)
  object space 102912K, 57% used [0x00000000c0000000,0x00000000c39d9f50,0x00000000c6480000)
 Metaspace       used 15049K, capacity 15718K, committed 16128K, reserved 1062912K
  class space    used 1768K, capacity 1929K, committed 2048K, reserved 1048576K
Event: 4.789 GC heap after
Heap after GC invocations=22 (full 1):
 PSYoungGen      total 227840K, used 4480K [0x00000000eab00000, 0x00000000f9d00000, 0x0000000100000000)
  eden space 207872K, 0% used [0x00000000eab00000,0x00000000eab00000,0x00000000f7600000)
  from space 19968K, 22% used [0x00000000f7600000,0x00000000f7a60000,0x00000000f8980000)
  to   space 19968K, 0% used [0x00000000f8980000,0x00000000f8980000,0x00000000f9d00000)
 ParOldGen       total 102912K, used 63266K [0x00000000c0000000, 0x00000000c6480000, 0x00000000eab00000)
  object space 102912K, 61% used [0x00000000c0000000,0x00000000c3dc8970,0x00000000c6480000)
 Metaspace       used 15049K, capacity 15718K, committed 16128K, reserved 1062912K
  class space    used 1768K, capacity 1929K, committed 2048K, reserved 1048576K
}
Event: 5.047 GC heap before
{Heap before GC invocations=23 (full 1):
 PSYoungGen      total 227840K, used 212352K [0x00000000eab00000, 0x00000000f9d00000, 0x0000000100000000)
  eden space 207872K, 100% used [0x00000000eab00000,0x00000000f7600000,0x00000000f7600000)
  from space 19968K, 22% used [0x00000000f7600000,0x00000000f7a60000,0x00000000f8980000)
  to   space 19968K, 0% used [0x00000000f8980000,0x00000000f8980000,0x00000000f9d00000)
 ParOldGen       total 102912K, used 63266K [0x00000000c0000000, 0x00000000c6480000, 0x00000000eab00000)
  object space 102912K, 61% used [0x00000000c0000000,0x00000000c3dc8970,0x00000000c6480000)
 Metaspace       used 15062K, capacity 15740K, committed 16128K, reserved 1062912K
  class space    used 1769K, capacity 1932K, committed 2048K, reserved 1048576K
Event: 5.055 GC heap after
Heap after GC invocations=23 (full 1):
 PSYoungGen      total 227840K, used 4800K [0x00000000eab00000, 0x00000000f9d00000, 0x0000000100000000)
  eden space 207872K, 0% used [0x00000000eab00000,0x00000000eab00000,0x00000000f7600000)
  from space 19968K, 24% used [0x00000000f8980000,0x00000000f8e30000,0x00000000f9d00000)
  to   space 19968K, 0% used [0x00000000f7600000,0x00000000f7600000,0x00000000f8980000)
 ParOldGen       total 102912K, used 67508K [0x00000000c0000000, 0x00000000c6480000, 0x00000000eab00000)
  object space 102912K, 65% used [0x00000000c0000000,0x00000000c41ed2b8,0x00000000c6480000)
 Metaspace       used 15062K, capacity 15740K, committed 16128K, reserved 1062912K
  class space    used 1769K, capacity 1932K, committed 2048K, reserved 1048576K
}
Event: 5.309 GC heap before
{Heap before GC invocations=24 (full 1):
 PSYoungGen      total 227840K, used 212672K [0x00000000eab00000, 0x00000000f9d00000, 0x0000000100000000)
  eden space 207872K, 100% used [0x00000000eab00000,0x00000000f7600000,0x00000000f7600000)
  from space 19968K, 24% used [0x00000000f8980000,0x00000000f8e30000,0x00000000f9d00000)
  to   space 19968K, 0% used [0x00000000f7600000,0x00000000f7600000,0x00000000f8980000)
 ParOldGen       total 102912K, used 67508K [0x00000000c0000000, 0x00000000c6480000, 0x00000000eab00000)
  object space 102912K, 65% used [0x00000000c0000000,0x00000000c41ed2b8,0x00000000c6480000)
 Metaspace       used 15074K, capacity 15740K, committed 16128K, reserved 1062912K
  class space    used 1769K, capacity 1932K, committed 2048K, reserved 1048576K
Event: 5.316 GC heap after
Heap after GC invocations=24 (full 1):
 PSYoungGen      total 227840K, used 3520K [0x00000000eab00000, 0x00000000fbb80000, 0x0000000100000000)
  eden space 207872K, 0% used [0x00000000eab00000,0x00000000eab00000,0x00000000f7600000)
  from space 19968K, 17% used [0x00000000f7600000,0x00000000f7970000,0x00000000f8980000)
  to   space 15360K, 0% used [0x00000000fac80000,0x00000000fac80000,0x00000000fbb80000)
 ParOldGen       total 102912K, used 71960K [0x00000000c0000000, 0x00000000c6480000, 0x00000000eab00000)
  object space 102912K, 69% used [0x00000000c0000000,0x00000000c46463d8,0x00000000c6480000)
 Metaspace       used 15074K, capacity 15740K, committed 16128K, reserved 1062912K
  class space    used 1769K, capacity 1932K, committed 2048K, reserved 1048576K
}

