# JRE version: OpenJDK Runtime Environment (8.0) (build 1.8.0-25-microsoft-b00)
# Java VM: OpenJDK 64-Bit Server VM (25.71-b00 mixed mode windows-amd64 compressed oops)
Heap:
 PSYoungGen      total 14848K, used 11639K [0x00000000d6100000, 0x00000000d8300000, 0x0000000100000000)
  eden space 11776K, 98% used [0x00000000d6100000,0x00000000d6c5dd50,0x00000000d6c80000)
  from space 3072K, 0% used [0x00000000d6c80000,0x00000000d6c80000,0x00000000d6f80000)
  to   space 5632K, 0% used [0x00000000d7d80000,0x00000000d7d80000,0x00000000d8300000)
 ParOldGen       total 7680K, used 7638K [0x0000000082200000, 0x0000000082980000, 0x00000000d6100000)
  object space 7680K, 99% used [0x0000000082200000,0x0000000082975a20,0x0000000082980000)
 Metaspace       used 7711K, capacity 8436K, committed 8704K, reserved 1056768K
  class space    used 886K, capacity 944K, committed 1024K, reserved 1048576K
GC Heap History (10 events):
Event: 0.235 GC heap before
{Heap before GC invocations=4 (full 0):
 PSYoungGen      total 3584K, used 3560K [0x00000000d6100000, 0x00000000d6800000, 0x0000000100000000)
  eden space 3072K, 100% used [0x00000000d6100000,0x00000000d6400000,0x00000000d6400000)
  from space 512K, 95% used [0x00000000d6400000,0x00000000d647a020,0x00000000d6480000)
  to   space 512K, 0% used [0x00000000d6780000,0x00000000d6780000,0x00000000d6800000)
 ParOldGen       total 5632K, used 888K [0x0000000082200000, 0x0000000082780000, 0x00000000d6100000)
  object space 5632K, 15% used [0x0000000082200000,0x00000000822de060,0x0000000082780000)
 Metaspace       used 5837K, capacity 7020K, committed 7168K, reserved 1056768K
  class space    used 705K, capacity 744K, committed 768K, reserved 1048576K
Event: 0.236 GC heap after
Heap after GC invocations=4 (full 0):
 PSYoungGen      total 6656K, used 504K [0x00000000d6100000, 0x00000000d6800000, 0x0000000100000000)
  eden space 6144K, 0% used [0x00000000d6100000,0x00000000d6100000,0x00000000d6700000)
  from space 512K, 98% used [0x00000000d6780000,0x00000000d67fe010,0x00000000d6800000)
  to   space 512K, 0% used [0x00000000d6700000,0x00000000d6700000,0x00000000d6780000)
 ParOldGen       total 5632K, used 984K [0x0000000082200000, 0x0000000082780000, 0x00000000d6100000)
  object space 5632K, 17% used [0x0000000082200000,0x00000000822f6070,0x0000000082780000)
 Metaspace       used 5837K, capacity 7020K, committed 7168K, reserved 1056768K
  class space    used 705K, capacity 744K, committed 768K, reserved 1048576K
}
Event: 0.381 GC heap before
{Heap before GC invocations=5 (full 0):
 PSYoungGen      total 6656K, used 6648K [0x00000000d6100000, 0x00000000d6800000, 0x0000000100000000)
  eden space 6144K, 100% used [0x00000000d6100000,0x00000000d6700000,0x00000000d6700000)
  from space 512K, 98% used [0x00000000d6780000,0x00000000d67fe010,0x00000000d6800000)
  to   space 512K, 0% used [0x00000000d6700000,0x00000000d6700000,0x00000000d6780000)
 ParOldGen       total 5632K, used 984K [0x0000000082200000, 0x0000000082780000, 0x00000000d6100000)
  object space 5632K, 17% used [0x0000000082200000,0x00000000822f6070,0x0000000082780000)
 Metaspace       used 7407K, capacity 8244K, committed 8320K, reserved 1056768K
  class space    used 864K, capacity 880K, committed 896K, reserved 1048576K
Event: 0.384 GC heap after
Heap after GC invocations=5 (full 0):
 PSYoungGen      total 6656K, used 512K [0x00000000d6100000, 0x00000000d7200000, 0x0000000100000000)
  eden space 6144K, 0% used [0x00000000d6100000,0x00000000d6100000,0x00000000d6700000)
  from space 512K, 100% used [0x00000000d6700000,0x00000000d6780000,0x00000000d6780000)
  to   space 2560K, 0% used [0x00000000d6f80000,0x00000000d6f80000,0x00000000d7200000)
 ParOldGen       total 5632K, used 3088K [0x0000000082200000, 0x0000000082780000, 0x00000000d6100000)
  object space 5632K, 54% used [0x0000000082200000,0x0000000082504298,0x0000000082780000)
 Metaspace       used 7407K, capacity 8244K, committed 8320K, reserved 1056768K
  class space    used 864K, capacity 880K, committed 896K, reserved 1048576K
}
Event: 0.417 GC heap before
{Heap before GC invocations=6 (full 0):
 PSYoungGen      total 6656K, used 6656K [0x00000000d6100000, 0x00000000d7200000, 0x0000000100000000)
  eden space 6144K, 100% used [0x00000000d6100000,0x00000000d6700000,0x00000000d6700000)
  from space 512K, 100% used [0x00000000d6700000,0x00000000d6780000,0x00000000d6780000)
  to   space 2560K, 0% used [0x00000000d6f80000,0x00000000d6f80000,0x00000000d7200000)
 ParOldGen       total 5632K, used 3088K [0x0000000082200000, 0x0000000082780000, 0x00000000d6100000)
  object space 5632K, 54% used [0x0000000082200000,0x0000000082504298,0x0000000082780000)
 Metaspace       used 7426K, capacity 8244K, committed 8320K, reserved 1056768K
  class space    used 864K, capacity 880K, committed 896K, reserved 1048576K
Event: 0.420 GC heap after
Heap after GC invocations=6 (full 0):
 PSYoungGen      total 14336K, used 2264K [0x00000000d6100000, 0x00000000d7300000, 0x0000000100000000)
  eden space 11776K, 0% used [0x00000000d6100000,0x00000000d6100000,0x00000000d6c80000)
  from space 2560K, 88% used [0x00000000d6f80000,0x00000000d71b6148,0x00000000d7200000)
  to   space 3072K, 0% used [0x00000000d6c80000,0x00000000d6c80000,0x00000000d6f80000)
 ParOldGen       total 5632K, used 3088K [0x0000000082200000, 0x0000000082780000, 0x00000000d6100000)
  object space 5632K, 54% used [0x0000000082200000,0x0000000082504298,0x0000000082780000)
 Metaspace       used 7426K, capacity 8244K, committed 8320K, reserved 1056768K
  class space    used 864K, capacity 880K, committed 896K, reserved 1048576K
}
Event: 0.447 GC heap before
{Heap before GC invocations=7 (full 0):
 PSYoungGen      total 14336K, used 12476K [0x00000000d6100000, 0x00000000d7300000, 0x0000000100000000)
  eden space 11776K, 86% used [0x00000000d6100000,0x00000000d6af8f60,0x00000000d6c80000)
  from space 2560K, 88% used [0x00000000d6f80000,0x00000000d71b6148,0x00000000d7200000)
  to   space 3072K, 0% used [0x00000000d6c80000,0x00000000d6c80000,0x00000000d6f80000)
 ParOldGen       total 5632K, used 3088K [0x0000000082200000, 0x0000000082780000, 0x00000000d6100000)
  object space 5632K, 54% used [0x0000000082200000,0x0000000082504298,0x0000000082780000)
 Metaspace       used 7430K, capacity 8244K, committed 8320K, reserved 1056768K
  class space    used 864K, capacity 880K, committed 896K, reserved 1048576K
Event: 0.452 GC heap after
Heap after GC invocations=7 (full 0):
 PSYoungGen      total 14848K, used 3045K [0x00000000d6100000, 0x00000000d8300000, 0x0000000100000000)
  eden space 11776K, 0% used [0x00000000d6100000,0x00000000d6100000,0x00000000d6c80000)
  from space 3072K, 99% used [0x00000000d6c80000,0x00000000d6f796b8,0x00000000d6f80000)
  to   space 5632K, 0% used [0x00000000d7d80000,0x00000000d7d80000,0x00000000d8300000)
 ParOldGen       total 7680K, used 6970K [0x0000000082200000, 0x0000000082980000, 0x00000000d6100000)
  object space 7680K, 90% used [0x0000000082200000,0x00000000828ce810,0x0000000082980000)
 Metaspace       used 7430K, capacity 8244K, committed 8320K, reserved 1056768K
  class space    used 864K, capacity 880K, committed 896K, reserved 1048576K
}
Event: 0.452 GC heap before
{Heap before GC invocations=8 (full 1):
 PSYoungGen      total 14848K, used 3045K [0x00000000d6100000, 0x00000000d8300000, 0x0000000100000000)
  eden space 11776K, 0% used [0x00000000d6100000,0x00000000d6100000,0x00000000d6c80000)
  from space 3072K, 99% used [0x00000000d6c80000,0x00000000d6f796b8,0x00000000d6f80000)
  to   space 5632K, 0% used [0x00000000d7d80000,0x00000000d7d80000,0x00000000d8300000)
 ParOldGen       total 7680K, used 6970K [0x0000000082200000, 0x0000000082980000, 0x00000000d6100000)
  object space 7680K, 90% used [0x0000000082200000,0x00000000828ce810,0x0000000082980000)
 Metaspace       used 7430K, capacity 8244K, committed 8320K, reserved 1056768K
  class space    used 864K, capacity 880K, committed 896K, reserved 1048576K
Event: 0.475 GC heap after
Heap after GC invocations=8 (full 1):
 PSYoungGen      total 14848K, used 2021K [0x00000000d6100000, 0x00000000d8300000, 0x0000000100000000)
  eden space 11776K, 0% used [0x00000000d6100000,0x00000000d6100000,0x00000000d6c80000)
  from space 3072K, 65% used [0x00000000d6c80000,0x00000000d6e79518,0x00000000d6f80000)
  to   space 5632K, 0% used [0x00000000d7d80000,0x00000000d7d80000,0x00000000d8300000)
 ParOldGen       total 7680K, used 7009K [0x0000000082200000, 0x0000000082980000, 0x00000000d6100000)
  object space 7680K, 91% used [0x0000000082200000,0x00000000828d8458,0x0000000082980000)
 Metaspace       used 7430K, capacity 8244K, committed 8320K, reserved 1056768K
  class space    used 864K, capacity 880K, committed 896K, reserved 1048576K
}

