# JRE version: OpenJDK Runtime Environment (8.0) (build 1.8.0-25-microsoft-b00)
# Java VM: OpenJDK 64-Bit Server VM (25.71-b00 mixed mode windows-amd64 compressed oops)
Heap:
 PSYoungGen      total 283648K, used 64383K [0x00000000eab00000, 0x00000000fd500000, 0x0000000100000000)
  eden space 262144K, 22% used [0x00000000eab00000,0x00000000ee4cfe38,0x00000000fab00000)
  from space 21504K, 24% used [0x00000000fab00000,0x00000000fb010000,0x00000000fc000000)
  to   space 20480K, 0% used [0x00000000fc100000,0x00000000fc100000,0x00000000fd500000)
 ParOldGen       total 100352K, used 45652K [0x00000000c0000000, 0x00000000c6200000, 0x00000000eab00000)
  object space 100352K, 45% used [0x00000000c0000000,0x00000000c2c953b8,0x00000000c6200000)
 Metaspace       used 15024K, capacity 15714K, committed 16128K, reserved 1062912K
  class space    used 1762K, capacity 1929K, committed 2048K, reserved 1048576K
GC Heap History (10 events):
Event: 3.429 GC heap before
{Heap before GC invocations=10 (full 0):
 PSYoungGen      total 283648K, used 274198K [0x00000000eab00000, 0x00000000fd500000, 0x0000000100000000)
  eden space 262144K, 100% used [0x00000000eab00000,0x00000000fab00000,0x00000000fab00000)
  from space 21504K, 56% used [0x00000000fab00000,0x00000000fb6c5ad8,0x00000000fc000000)
  to   space 20480K, 0% used [0x00000000fc100000,0x00000000fc100000,0x00000000fd500000)
 ParOldGen       total 86016K, used 58549K [0x00000000c0000000, 0x00000000c5400000, 0x00000000eab00000)
  object space 86016K, 68% used [0x00000000c0000000,0x00000000c392d6e8,0x00000000c5400000)
 Metaspace       used 15051K, capacity 15798K, committed 15872K, reserved 1062912K
  class space    used 1797K, capacity 1991K, committed 2048K, reserved 1048576K
Event: 3.507 GC heap after
Heap after GC invocations=10 (full 0):
 PSYoungGen      total 282624K, used 10674K [0x00000000eab00000, 0x00000000fd500000, 0x0000000100000000)
  eden space 262144K, 0% used [0x00000000eab00000,0x00000000eab00000,0x00000000fab00000)
  from space 20480K, 52% used [0x00000000fc100000,0x00000000fcb6ca68,0x00000000fd500000)
  to   space 21504K, 0% used [0x00000000fab00000,0x00000000fab00000,0x00000000fc000000)
 ParOldGen       total 86016K, used 64677K [0x00000000c0000000, 0x00000000c5400000, 0x00000000eab00000)
  object space 86016K, 75% used [0x00000000c0000000,0x00000000c3f296e8,0x00000000c5400000)
 Metaspace       used 15051K, capacity 15798K, committed 15872K, reserved 1062912K
  class space    used 1797K, capacity 1991K, committed 2048K, reserved 1048576K
}
Event: 3.852 GC heap before
{Heap before GC invocations=11 (full 0):
 PSYoungGen      total 282624K, used 272818K [0x00000000eab00000, 0x00000000fd500000, 0x0000000100000000)
  eden space 262144K, 100% used [0x00000000eab00000,0x00000000fab00000,0x00000000fab00000)
  from space 20480K, 52% used [0x00000000fc100000,0x00000000fcb6ca68,0x00000000fd500000)
  to   space 21504K, 0% used [0x00000000fab00000,0x00000000fab00000,0x00000000fc000000)
 ParOldGen       total 86016K, used 64677K [0x00000000c0000000, 0x00000000c5400000, 0x00000000eab00000)
  object space 86016K, 75% used [0x00000000c0000000,0x00000000c3f296e8,0x00000000c5400000)
 Metaspace       used 15115K, capacity 15930K, committed 16128K, reserved 1062912K
  class space    used 1797K, capacity 1991K, committed 2048K, reserved 1048576K
Event: 3.869 GC heap after
Heap after GC invocations=11 (full 0):
 PSYoungGen      total 283648K, used 5451K [0x00000000eab00000, 0x00000000fd500000, 0x0000000100000000)
  eden space 262144K, 0% used [0x00000000eab00000,0x00000000eab00000,0x00000000fab00000)
  from space 21504K, 25% used [0x00000000fab00000,0x00000000fb052d68,0x00000000fc000000)
  to   space 20480K, 0% used [0x00000000fc100000,0x00000000fc100000,0x00000000fd500000)
 ParOldGen       total 86016K, used 75061K [0x00000000c0000000, 0x00000000c5400000, 0x00000000eab00000)
  object space 86016K, 87% used [0x00000000c0000000,0x00000000c494d470,0x00000000c5400000)
 Metaspace       used 15115K, capacity 15930K, committed 16128K, reserved 1062912K
  class space    used 1797K, capacity 1991K, committed 2048K, reserved 1048576K
}
Event: 3.870 GC heap before
{Heap before GC invocations=12 (full 1):
 PSYoungGen      total 283648K, used 5451K [0x00000000eab00000, 0x00000000fd500000, 0x0000000100000000)
  eden space 262144K, 0% used [0x00000000eab00000,0x00000000eab00000,0x00000000fab00000)
  from space 21504K, 25% used [0x00000000fab00000,0x00000000fb052d68,0x00000000fc000000)
  to   space 20480K, 0% used [0x00000000fc100000,0x00000000fc100000,0x00000000fd500000)
 ParOldGen       total 86016K, used 75061K [0x00000000c0000000, 0x00000000c5400000, 0x00000000eab00000)
  object space 86016K, 87% used [0x00000000c0000000,0x00000000c494d470,0x00000000c5400000)
 Metaspace       used 15115K, capacity 15930K, committed 16128K, reserved 1062912K
  class space    used 1797K, capacity 1991K, committed 2048K, reserved 1048576K
Event: 3.964 GC heap after
Heap after GC invocations=12 (full 1):
 PSYoungGen      total 283648K, used 0K [0x00000000eab00000, 0x00000000fd500000, 0x0000000100000000)
  eden space 262144K, 0% used [0x00000000eab00000,0x00000000eab00000,0x00000000fab00000)
  from space 21504K, 0% used [0x00000000fab00000,0x00000000fab00000,0x00000000fc000000)
  to   space 20480K, 0% used [0x00000000fc100000,0x00000000fc100000,0x00000000fd500000)
 ParOldGen       total 100352K, used 40908K [0x00000000c0000000, 0x00000000c6200000, 0x00000000eab00000)
  object space 100352K, 40% used [0x00000000c0000000,0x00000000c27f33b8,0x00000000c6200000)
 Metaspace       used 15020K, capacity 15714K, committed 16128K, reserved 1062912K
  class space    used 1762K, capacity 1929K, committed 2048K, reserved 1048576K
}
Event: 4.216 GC heap before
{Heap before GC invocations=13 (full 1):
 PSYoungGen      total 283648K, used 262144K [0x00000000eab00000, 0x00000000fd500000, 0x0000000100000000)
  eden space 262144K, 100% used [0x00000000eab00000,0x00000000fab00000,0x00000000fab00000)
  from space 21504K, 0% used [0x00000000fab00000,0x00000000fab00000,0x00000000fc000000)
  to   space 20480K, 0% used [0x00000000fc100000,0x00000000fc100000,0x00000000fd500000)
 ParOldGen       total 100352K, used 40908K [0x00000000c0000000, 0x00000000c6200000, 0x00000000eab00000)
  object space 100352K, 40% used [0x00000000c0000000,0x00000000c27f33b8,0x00000000c6200000)
 Metaspace       used 15023K, capacity 15714K, committed 16128K, reserved 1062912K
  class space    used 1762K, capacity 1929K, committed 2048K, reserved 1048576K
Event: 4.221 GC heap after
Heap after GC invocations=13 (full 1):
 PSYoungGen      total 282624K, used 4896K [0x00000000eab00000, 0x00000000fd500000, 0x0000000100000000)
  eden space 262144K, 0% used [0x00000000eab00000,0x00000000eab00000,0x00000000fab00000)
  from space 20480K, 23% used [0x00000000fc100000,0x00000000fc5c8000,0x00000000fd500000)
  to   space 21504K, 0% used [0x00000000fab00000,0x00000000fab00000,0x00000000fc000000)
 ParOldGen       total 100352K, used 40908K [0x00000000c0000000, 0x00000000c6200000, 0x00000000eab00000)
  object space 100352K, 40% used [0x00000000c0000000,0x00000000c27f33b8,0x00000000c6200000)
 Metaspace       used 15023K, capacity 15714K, committed 16128K, reserved 1062912K
  class space    used 1762K, capacity 1929K, committed 2048K, reserved 1048576K
}
Event: 4.508 GC heap before
{Heap before GC invocations=14 (full 1):
 PSYoungGen      total 282624K, used 267040K [0x00000000eab00000, 0x00000000fd500000, 0x0000000100000000)
  eden space 262144K, 100% used [0x00000000eab00000,0x00000000fab00000,0x00000000fab00000)
  from space 20480K, 23% used [0x00000000fc100000,0x00000000fc5c8000,0x00000000fd500000)
  to   space 21504K, 0% used [0x00000000fab00000,0x00000000fab00000,0x00000000fc000000)
 ParOldGen       total 100352K, used 40908K [0x00000000c0000000, 0x00000000c6200000, 0x00000000eab00000)
  object space 100352K, 40% used [0x00000000c0000000,0x00000000c27f33b8,0x00000000c6200000)
 Metaspace       used 15024K, capacity 15714K, committed 16128K, reserved 1062912K
  class space    used 1762K, capacity 1929K, committed 2048K, reserved 1048576K
Event: 4.529 GC heap after
Heap after GC invocations=14 (full 1):
 PSYoungGen      total 283648K, used 5184K [0x00000000eab00000, 0x00000000fd500000, 0x0000000100000000)
  eden space 262144K, 0% used [0x00000000eab00000,0x00000000eab00000,0x00000000fab00000)
  from space 21504K, 24% used [0x00000000fab00000,0x00000000fb010000,0x00000000fc000000)
  to   space 20480K, 0% used [0x00000000fc100000,0x00000000fc100000,0x00000000fd500000)
 ParOldGen       total 100352K, used 45652K [0x00000000c0000000, 0x00000000c6200000, 0x00000000eab00000)
  object space 100352K, 45% used [0x00000000c0000000,0x00000000c2c953b8,0x00000000c6200000)
 Metaspace       used 15024K, capacity 15714K, committed 16128K, reserved 1062912K
  class space    used 1762K, capacity 1929K, committed 2048K, reserved 1048576K
}

